[debug] [2018-04-05T03:08:57.435Z] ----------------------------------------------------------------------
[debug] [2018-04-05T03:08:57.436Z] Command:       C:\Program Files\nodejs\node.exe C:\Users\Fredrik\AppData\Roaming\npm\node_modules\firebase-tools\bin\firebase serve
[debug] [2018-04-05T03:08:57.436Z] CLI Version:   3.18.0
[debug] [2018-04-05T03:08:57.436Z] Platform:      win32
[debug] [2018-04-05T03:08:57.436Z] Node Version:  v8.11.1
[debug] [2018-04-05T03:08:57.437Z] Time:          Thu Apr 05 2018 05:08:57 GMT+0200 (Vest-Europa (sommertid))
[debug] [2018-04-05T03:08:57.437Z] ----------------------------------------------------------------------
[debug] 
[debug] [2018-04-05T03:08:57.444Z] > command requires scopes: ["email","openid","https://www.googleapis.com/auth/cloudplatformprojects.readonly","https://www.googleapis.com/auth/firebase","https://www.googleapis.com/auth/cloud-platform"]
[debug] [2018-04-05T03:08:57.445Z] > authorizing via signed-in user
[debug] [2018-04-05T03:08:57.446Z] >>> HTTP REQUEST GET https://admin.firebase.com/v1/projects/imt3673-labassignment4  
  
 Thu Apr 05 2018 05:08:57 GMT+0200 (Vest-Europa (sommertid))
[debug] [2018-04-05T03:08:58.340Z] <<< HTTP RESPONSE 200
[debug] [2018-04-05T03:08:58.342Z] >>> HTTP REQUEST GET https://admin.firebase.com/v1/database/imt3673-labassignment4/tokens  
  
 Thu Apr 05 2018 05:08:58 GMT+0200 (Vest-Europa (sommertid))
[debug] [2018-04-05T03:08:59.025Z] <<< HTTP RESPONSE 200
[debug] [2018-04-05T03:08:59.027Z] >>> HTTP REQUEST GET https://cloudresourcemanager.googleapis.com/v1/projects/imt3673-labassignment4  
  
 Thu Apr 05 2018 05:08:59 GMT+0200 (Vest-Europa (sommertid))
[debug] [2018-04-05T03:09:00.049Z] <<< HTTP RESPONSE 200
[info] 
[info] === Serving from 'C:\Users\Fredrik\Documents\GitHub\IMT3673_Lab4'...
[info] 
[debug] [2018-04-05T03:09:00.053Z] >>> HTTP REQUEST GET https://mobilesdk-pa.googleapis.com/v1/projects/833213271359/clients/_:getWebAppConfig  
  
 Thu Apr 05 2018 05:09:00 GMT+0200 (Vest-Europa (sommertid))
[debug] [2018-04-05T03:09:01.341Z] <<< HTTP RESPONSE 200
[info] i  hosting: Serving hosting files from: public
[info] +  hosting: Local server: http://localhost:5000

